Build started 2/1/2017 2:35:12 PM.
     1>Project "C:\Users\Rakshit Kothari\documents\visual studio 2010\Projects\LogData\LogData\LogData.vcxproj" on node 2 (build target(s)).
     1>InitializeBuildStatus:
         Creating "Debug\LogData.unsuccessfulbuild" because "AlwaysCreate" was specified.
       ClCompile:
         All outputs are up-to-date.
         C:\Program Files (x86)\Microsoft Visual Studio 10.0\VC\bin\CL.exe /c /ZI /nologo /W3 /WX- /Od /Oy- /D WIN32 /D _DEBUG /D _CONSOLE /D _UNICODE /D UNICODE /Gm /EHsc /RTC1 /MDd /GS /fp:precise /Zc:wchar_t /Zc:forScope /Fo"Debug\\" /Fd"Debug\vc100.pdb" /Gd /TP /analyze- /errorReport:prompt opencvVisualization.c
         opencvVisualization.c
     1>c:\users\rakshit kothari\documents\visual studio 2010\projects\logdata\logdata\opencvvisualization.c(76): warning C4244: 'argument' : conversion from 'float' to 'const unsigned int', possible loss of data
     1>c:\users\rakshit kothari\documents\visual studio 2010\projects\logdata\logdata\opencvvisualization.c(76): warning C4244: 'argument' : conversion from 'float' to 'const unsigned int', possible loss of data
     1>c:\users\rakshit kothari\documents\visual studio 2010\projects\logdata\logdata\opencvvisualization.c(139): warning C4244: 'initializing' : conversion from 'uint64_t' to 'unsigned int', possible loss of data
       ManifestResourceCompile:
         All outputs are up-to-date.
       Link:
         C:\Program Files (x86)\Microsoft Visual Studio 10.0\VC\bin\link.exe /ERRORREPORT:PROMPT /OUT:"C:\Users\Rakshit Kothari\documents\visual studio 2010\Projects\LogData\Debug\LogData.exe" /INCREMENTAL /NOLOGO /LIBPATH:"C:\Program Files (x86)\SMI\iView NG SDK\lib\lib-Windows7-32" /LIBPATH:"C:\Program Files (x86)\SMI\iView NG SDK\examples\OpenCV\lib-Windows7-32" /LIBPATH:"C:\Program Files (x86)\SMI\iView NG SDK\examples\C\Tutorial-RemoteViewer\bin" "libiViewNG-LibCore.lib" opencv_core244.lib opencv_haartraining_engine.lib opencv_highgui244.lib opencv_imgproc244.lib kernel32.lib user32.lib gdi32.lib winspool.lib comdlg32.lib advapi32.lib shell32.lib ole32.lib oleaut32.lib uuid.lib odbc32.lib odbccp32.lib /MANIFEST /ManifestFile:"Debug\LogData.exe.intermediate.manifest" /MANIFESTUAC:"level='asInvoker' uiAccess='false'" /DEBUG /PDB:"C:\Users\Rakshit Kothari\documents\visual studio 2010\Projects\LogData\Debug\LogData.pdb" /SUBSYSTEM:CONSOLE /TLBID:1 /DYNAMICBASE /NXCOMPAT /IMPLIB:"C:\Users\Rakshit Kothari\documents\visual studio 2010\Projects\LogData\Debug\LogData.lib" /MACHINE:X86 Debug\LogData.exe.embed.manifest.res
         "Debug\iViewNG-Convenience.obj"
         Debug\main.obj
         Debug\opencvVisualization.obj
         Debug\stdafx.obj
       Manifest:
         C:\Program Files (x86)\Microsoft SDKs\Windows\v7.0A\bin\mt.exe /nologo /verbose /out:"Debug\LogData.exe.embed.manifest" /manifest Debug\LogData.exe.intermediate.manifest
         All outputs are up-to-date.
       LinkEmbedManifest:
         All outputs are up-to-date.
         LogData.vcxproj -> C:\Users\Rakshit Kothari\documents\visual studio 2010\Projects\LogData\Debug\LogData.exe
       FinalizeBuildStatus:
         Deleting file "Debug\LogData.unsuccessfulbuild".
         Touching "Debug\LogData.lastbuildstate".
     1>Done Building Project "C:\Users\Rakshit Kothari\documents\visual studio 2010\Projects\LogData\LogData\LogData.vcxproj" (build target(s)).

Build succeeded.

Time Elapsed 00:00:01.13
