C:\USERS\RAKSHIT KOTHARI\DOCUMENTS\VISUAL STUDIO 2010\PROJECTS\LOGDATA\DEBUG\LOGDATA.EXE
C:\USERS\RAKSHIT KOTHARI\DOCUMENTS\VISUAL STUDIO 2010\PROJECTS\LOGDATA\DEBUG\LOGDATA.ILK
C:\USERS\RAKSHIT KOTHARI\DOCUMENTS\VISUAL STUDIO 2010\PROJECTS\LOGDATA\DEBUG\LOGDATA.PDB
C:\Users\Rakshit Kothari\documents\visual studio 2010\Projects\LogData\LogData\Debug\cl.command.1.tlog
C:\Users\Rakshit Kothari\documents\visual studio 2010\Projects\LogData\LogData\Debug\CL.read.1.tlog
C:\Users\Rakshit Kothari\documents\visual studio 2010\Projects\LogData\LogData\Debug\CL.write.1.tlog
C:\USERS\RAKSHIT KOTHARI\DOCUMENTS\VISUAL STUDIO 2010\PROJECTS\LOGDATA\LOGDATA\DEBUG\IVIEWNG-CONVENIENCE.OBJ
C:\Users\Rakshit Kothari\documents\visual studio 2010\Projects\LogData\LogData\Debug\link.5244.read.1.tlog
C:\Users\Rakshit Kothari\documents\visual studio 2010\Projects\LogData\LogData\Debug\link.5244.write.1.tlog
C:\Users\Rakshit Kothari\documents\visual studio 2010\Projects\LogData\LogData\Debug\link.5244-cvtres.read.1.tlog
C:\Users\Rakshit Kothari\documents\visual studio 2010\Projects\LogData\LogData\Debug\link.5244-cvtres.write.1.tlog
C:\Users\Rakshit Kothari\documents\visual studio 2010\Projects\LogData\LogData\Debug\link.7424.read.1.tlog
C:\Users\Rakshit Kothari\documents\visual studio 2010\Projects\LogData\LogData\Debug\link.7424.write.1.tlog
C:\Users\Rakshit Kothari\documents\visual studio 2010\Projects\LogData\LogData\Debug\link.7424-cvtres.read.1.tlog
C:\Users\Rakshit Kothari\documents\visual studio 2010\Projects\LogData\LogData\Debug\link.7424-cvtres.write.1.tlog
C:\Users\Rakshit Kothari\documents\visual studio 2010\Projects\LogData\LogData\Debug\link.command.1.tlog
C:\Users\Rakshit Kothari\documents\visual studio 2010\Projects\LogData\LogData\Debug\link.read.1.tlog
C:\Users\Rakshit Kothari\documents\visual studio 2010\Projects\LogData\LogData\Debug\link.write.1.tlog
C:\Users\Rakshit Kothari\documents\visual studio 2010\Projects\LogData\LogData\Debug\link-cvtres.read.1.tlog
C:\Users\Rakshit Kothari\documents\visual studio 2010\Projects\LogData\LogData\Debug\link-cvtres.write.1.tlog
C:\USERS\RAKSHIT KOTHARI\DOCUMENTS\VISUAL STUDIO 2010\PROJECTS\LOGDATA\LOGDATA\DEBUG\LOGDATA.EXE.EMBED.MANIFEST
C:\USERS\RAKSHIT KOTHARI\DOCUMENTS\VISUAL STUDIO 2010\PROJECTS\LOGDATA\LOGDATA\DEBUG\LOGDATA.EXE.EMBED.MANIFEST.RES
C:\USERS\RAKSHIT KOTHARI\DOCUMENTS\VISUAL STUDIO 2010\PROJECTS\LOGDATA\LOGDATA\DEBUG\LOGDATA.EXE.INTERMEDIATE.MANIFEST
C:\USERS\RAKSHIT KOTHARI\DOCUMENTS\VISUAL STUDIO 2010\PROJECTS\LOGDATA\LOGDATA\DEBUG\LOGDATA.PCH
C:\Users\Rakshit Kothari\documents\visual studio 2010\Projects\LogData\LogData\Debug\LogData.vcxprojResolveAssemblyReference.cache
C:\Users\Rakshit Kothari\documents\visual studio 2010\Projects\LogData\LogData\Debug\LogData.write.1.tlog
C:\Users\Rakshit Kothari\documents\visual studio 2010\Projects\LogData\LogData\Debug\LogData_manifest.rc
C:\USERS\RAKSHIT KOTHARI\DOCUMENTS\VISUAL STUDIO 2010\PROJECTS\LOGDATA\LOGDATA\DEBUG\MAIN.OBJ
C:\Users\Rakshit Kothari\documents\visual studio 2010\Projects\LogData\LogData\Debug\mt.command.1.tlog
C:\Users\Rakshit Kothari\documents\visual studio 2010\Projects\LogData\LogData\Debug\mt.read.1.tlog
C:\Users\Rakshit Kothari\documents\visual studio 2010\Projects\LogData\LogData\Debug\mt.write.1.tlog
C:\USERS\RAKSHIT KOTHARI\DOCUMENTS\VISUAL STUDIO 2010\PROJECTS\LOGDATA\LOGDATA\DEBUG\OPENCVVISUALIZATION.OBJ
C:\Users\Rakshit Kothari\documents\visual studio 2010\Projects\LogData\LogData\Debug\rc.command.1.tlog
C:\Users\Rakshit Kothari\documents\visual studio 2010\Projects\LogData\LogData\Debug\rc.read.1.tlog
C:\Users\Rakshit Kothari\documents\visual studio 2010\Projects\LogData\LogData\Debug\rc.write.1.tlog
C:\USERS\RAKSHIT KOTHARI\DOCUMENTS\VISUAL STUDIO 2010\PROJECTS\LOGDATA\LOGDATA\DEBUG\STDAFX.OBJ
C:\Users\Rakshit Kothari\documents\visual studio 2010\Projects\LogData\LogData\Debug\vc100.idb
C:\USERS\RAKSHIT KOTHARI\DOCUMENTS\VISUAL STUDIO 2010\PROJECTS\LOGDATA\LOGDATA\DEBUG\VC100.PDB
